<?xml version="1.0" encoding="UTF-8"?>
<!-- Generated by org.testng.reporters.JUnitXMLReporter -->
<testsuite hostname="Lenovo-PC" ignored="0" name="Gmail Account Tests" tests="2" failures="2" timestamp="18 Jan 2019 10:38:51 GMT" time="83.398" errors="0">
  <testcase name="findEmailTest" time="31.836" classname="com.example.qa.tests.InboxPageTest">
    <failure type="java.lang.AssertionError" message="expected [true] but found [false]">
      <![CDATA[java.lang.AssertionError: expected [true] but found [false]
at com.example.qa.tests.InboxPageTest.findEmailTest(InboxPageTest.java:51)
... Removed 29 stack frames]]>
    </failure>
  </testcase> <!-- findEmailTest -->
  <testcase name="findEmailTest" time="32.117" classname="com.example.qa.tests.InboxPageTest">
    <failure type="java.lang.AssertionError" message="expected [true] but found [false]">
      <![CDATA[java.lang.AssertionError: expected [true] but found [false]
at com.example.qa.tests.InboxPageTest.findEmailTest(InboxPageTest.java:51)
... Removed 29 stack frames]]>
    </failure>
  </testcase> <!-- findEmailTest -->
</testsuite> <!-- Gmail Account Tests -->
