<?xml version="1.0" encoding="UTF-8"?>
<!-- Generated by org.testng.reporters.JUnitXMLReporter -->
<testsuite hostname="Lenovo-PC" ignored="0" name="Default test" tests="4" failures="0" timestamp="18 Jan 2019 10:29:05 GMT" time="36.309" errors="0">
  <testcase name="signinPasswordPageTitleTest" time="0.508" classname="com.example.qa.tests.SigninPasswordPageTest"/>
  <testcase name="signinPasswordPageTitleTest" time="0.67" classname="com.example.qa.tests.SigninPasswordPageTest"/>
  <testcase name="writePasswordTest" time="1.741" classname="com.example.qa.tests.SigninPasswordPageTest"/>
  <testcase name="writePasswordTest" time="1.569" classname="com.example.qa.tests.SigninPasswordPageTest"/>
</testsuite> <!-- Default test -->
